[s6-init] making user provided files available at /var/run/s6/etc...exited 0.
[s6-init] ensuring user provided files have correct perms...exited 0.
[fix-attrs.d] applying ownership & permissions fixes...
[fix-attrs.d] done.
[cont-init.d] executing container initialization scripts...
[cont-init.d] done.
[services.d] starting services
[services.d] done.
/opt/bin/serf agent --join ha --replay --event-handler member-join=/serf-handlers/member-join.sh --event-handler member-leave,member-failed=/serf-handlers/member-leave.sh --tag role=balancer
==> Starting Serf agent...
==> Starting Serf agent RPC...
==> Serf agent running!
         Node name: '3f2c1aa7689b'
         Bind addr: '0.0.0.0:7946'
          RPC addr: '127.0.0.1:7373'
         Encrypted: false
          Snapshot: false
           Profile: lan
==> Joining cluster...(replay: true)
    Join completed. Synced with 1 initial agents

==> Log data will now stream in as it occurs:

    2019/01/04 19:42:32 [INFO] agent: Serf agent starting
    2019/01/04 19:42:32 [INFO] serf: EventMemberJoin: 3f2c1aa7689b 172.18.0.2
    2019/01/04 19:42:32 [INFO] agent: joining: [ha] replay: true
    2019/01/04 19:42:32 [INFO] agent: joined: 1 nodes
    2019/01/04 19:42:33 [INFO] agent: Received event: member-join
    2019/01/04 19:42:33 [ERR] agent: Error invoking script '/serf-handlers/member-join.sh': exit status 127
    2019/01/04 19:42:47 [INFO] serf: EventMemberJoin: a8fb6a6839fb 172.18.0.3
    2019/01/04 19:42:48 [INFO] agent: Received event: member-join
    2019/01/04 19:42:48 [ERR] agent: Error invoking script '/serf-handlers/member-join.sh': exit status 127
    2019/01/04 19:42:58 [INFO] serf: EventMemberJoin: 355f577270d4 172.18.0.4
    2019/01/04 19:42:59 [INFO] agent: Received event: member-join
    2019/01/04 19:42:59 [ERR] agent: Error invoking script '/serf-handlers/member-join.sh': exit status 127
